<?xml version="1.0" encoding="UTF-8"?>
<testsuite xmlns:xsi="http://www.w3.org/2001/XMLSchema-instance" xsi:noNamespaceSchemaLocation="https://maven.apache.org/surefire/maven-surefire-plugin/xsd/surefire-test-report-3.0.xsd" version="3.0" name="project4.ArrayQueueTest" time="0.122" tests="18" errors="0" skipped="0" failures="0">
  <properties>
[...]
</properties>
  <testcase name="Int_ArrayQueue_isEmpty_when_ArrayQueue_full" classname="project4.ArrayQueueTest" time="0.044"/>
  <testcase name="Int_ArrayQueue_isEmpty_after_enqueue_and_dequeue" classname="project4.ArrayQueueTest" time="0.002"/>
  <testcase name="Int_ArrayQueue_isEmpty_after_enqueue" classname="project4.ArrayQueueTest" time="0.002"/>
  <testcase name="Dequeue_throws_when_empty" classname="project4.ArrayQueueTest" time="0.004"/>
  <testcase name="Int_ArrayQueue_size_finds_size_when_empty" classname="project4.ArrayQueueTest" time="0.002"/>
  <testcase name="Int_ArrayQueue_enqueues" classname="project4.ArrayQueueTest" time="0.002"/>
  <testcase name="Int_ArrayQueue_resizes_properly_when_needed" classname="project4.ArrayQueueTest" time="0.001"/>
  <testcase name="Int_ArrayQueue" classname="project4.ArrayQueueTest" time="0.002"/>
  <testcase name="Int_ArrayQueue_front_returns_first_element_after_dequeue" classname="project4.ArrayQueueTest" time="0.002"/>
  <testcase name="Double_ArrayQueue" classname="project4.ArrayQueueTest" time="0.001"/>
  <testcase name="Int_ArrayQueue_isEmpty_on_empty_arrayQueue" classname="project4.ArrayQueueTest" time="0.001"/>
  <testcase name="Enqueue_throws_when_invalid_data_type" classname="project4.ArrayQueueTest" time="0.003"/>
  <testcase name="Int_ArrayQueue_size_finds_size_when_full" classname="project4.ArrayQueueTest" time="0.002"/>
  <testcase name="Int_ArrayQueue_resizes_when_scrambled" classname="project4.ArrayQueueTest" time="0.002"/>
  <testcase name="Int_ArrayQueue_size_finds_size" classname="project4.ArrayQueueTest" time="0.002"/>
  <testcase name="Front_throws_when_empty" classname="project4.ArrayQueueTest" time="0.002"/>
  <testcase name="Int_ArrayQueue_front_returns_first_element" classname="project4.ArrayQueueTest" time="0.001"/>
  <testcase name="Int_ArrayQueue_dequeues" classname="project4.ArrayQueueTest" time="0.001"/>
</testsuite>